NAME        MAJ:MIN RM   SIZE RO TYPE MOUNTPOINTS
loop0         7:0    0   1.5G  0 loop /nix/.ro-store
sda           8:0    1  57.3G  0 disk 
└─sda1        8:1    1  57.3G  0 part /iso
nvme1n1     259:0    0 931.5G  0 disk 
├─nvme1n1p1 259:1    0   100M  0 part 
├─nvme1n1p2 259:2    0    16M  0 part 
├─nvme1n1p3 259:3    0 930.7G  0 part 
└─nvme1n1p4 259:4    0   732M  0 part 
nvme0n1     259:5    0   1.8T  0 disk 
├─nvme0n1p1 259:9    0   1.8T  0 part /mnt
├─nvme0n1p2 259:10   0   7.5G  0 part [SWAP]
└─nvme0n1p3 259:11   0   487M  0 part /mnt/boot

/dev/sda1: LABEL="NIXOS-MINIM" UUID="1D0E-0B34" BLOCK_SIZE="512" TYPE="vfat" PARTLABEL="Main Data Partition" PARTUUID="854d84df-8445-43d9-9f9a-99de49d02889"
/dev/nvme0n1p3: LABEL_FATBOOT="boot" LABEL="boot" UUID="7D38-3908" BLOCK_SIZE="512" TYPE="vfat" PARTLABEL="ESP" PARTUUID="5f7c6e3f-c13d-4cd9-959f-0124c1ba9e5c"
/dev/nvme0n1p1: LABEL="nixos" UUID="e45f414f-25a2-4d9c-9914-e696d7ba6def" BLOCK_SIZE="4096" TYPE="ext4" PARTLABEL="root" PARTUUID="1a24ab65-d5a1-4fba-8a6c-d599c0216d5c"
/dev/nvme0n1p2: LABEL="swap" UUID="58046c64-5da2-4184-a724-24d0ca6b7720" TYPE="swap" PARTLABEL="swap" PARTUUID="4acb19ca-42f8-4460-9e11-c62b9bdcfb77"
/dev/loop0: BLOCK_SIZE="1048576" TYPE="squashfs"
/dev/nvme1n1p4: BLOCK_SIZE="512" UUID="C288271D88271009" TYPE="ntfs" PARTUUID="b2213429-ede2-46ad-859e-09c7369f74e0"
/dev/nvme1n1p3: BLOCK_SIZE="512" UUID="BE64A34F64A3096B" TYPE="ntfs" PARTLABEL="Basic data partition" PARTUUID="03bdec62-cb36-410d-9c02-dc8c9b0541bc"
/dev/nvme1n1p1: UUID="98A2-9BB2" BLOCK_SIZE="512" TYPE="vfat" PARTLABEL="EFI system partition" PARTUUID="5b65c2fb-4f1b-4b34-86cb-943717e6f9b9"
/dev/nvme1n1p2: PARTLABEL="Microsoft reserved partition" PARTUUID="d6b2e38a-a563-4171-aec5-1bead4b2e546"
